[transaction_id] txn_719559302 [user_id] user_8622 [amount] 872.55 [currency] PEN [merchant_id] mrc_4932 [merchant_category] electronics [payment_method] credit_card [channel] web [device_id] dev_3010 [location] Cusco, PE (-13.5319,-71.9675)
[transaction_id] txn_627847012 [user_id] user_1857 [amount] 302.12 [currency] USD [merchant_id] mrc_9107 [merchant_category] fashion [payment_method] credit_card [channel] pos [device_id] dev_4155 [location] Lima, PE (-12.0464,-77.0428)
[transaction_id] txn_460058208 [user_id] user_1329 [amount] 182.37 [currency] EUR [merchant_id] mrc_2942 [merchant_category] travel [payment_method] credit_card [channel] mobile_app [device_id] dev_5084 [location] Cusco, PE (-13.5319,-71.9675)
[transaction_id] txn_464939638 [user_id] user_8097 [amount] 162.2 [currency] USD [merchant_id] mrc_9614 [merchant_category] utilities [payment_method] credit_card [channel] pos [device_id] dev_7947 [location] Lima, PE (-12.0464,-77.0428)
[transaction_id] txn_543465541 [user_id] user_3725 [amount] 255.39 [currency] EUR [merchant_id] mrc_2032 [merchant_category] travel [payment_method] bank_transfer [channel] pos [device_id] dev_4039 [location] Lima, PE (-12.0464,-77.0428)
[transaction_id] txn_943761860 [user_id] user_1893 [amount] 501.67 [currency] PEN [merchant_id] mrc_9992 [merchant_category] electronics [payment_method] bank_transfer [channel] mobile_app [device_id] dev_8450 [location] Cusco, PE (-13.5319,-71.9675)
[transaction_id] txn_930687062 [user_id] user_8239 [amount] 81.89 [currency] PEN [merchant_id] mrc_2689 [merchant_category] food [payment_method] credit_card [channel] web [device_id] dev_6732 [location] Arequipa, PE (-16.409,-71.537)
[transaction_id] txn_648558788 [user_id] user_9902 [amount] 503.74 [currency] USD [merchant_id] mrc_9729 [merchant_category] electronics [payment_method] e_wallet [channel] mobile_app [device_id] dev_9672 [location] Cusco, PE (-13.5319,-71.9675)
[transaction_id] txn_197553539 [user_id] user_9876 [amount] 391.24 [currency] PEN [merchant_id] mrc_4814 [merchant_category] food [payment_method] bank_transfer [channel] mobile_app [device_id] dev_5317 [location] Cusco, PE (-13.5319,-71.9675)
[transaction_id] txn_695012994 [user_id] user_3297 [amount] 558.61 [currency] USD [merchant_id] mrc_8029 [merchant_category] utilities [payment_method] debit_card [channel] pos [device_id] dev_4931 [location] Arequipa, PE (-16.409,-71.537)
[transaction_id] txn_938467264 [user_id] user_7992 [amount] 570.97 [currency] PEN [merchant_id] mrc_9296 [merchant_category] fashion [payment_method] credit_card [channel] pos [device_id] dev_9648 [location] Lima, PE (-12.0464,-77.0428)
[transaction_id] txn_222664137 [user_id] user_1867 [amount] 560.93 [currency] EUR [merchant_id] mrc_4790 [merchant_category] utilities [payment_method] debit_card [channel] pos [device_id] dev_6218 [location] Cusco, PE (-13.5319,-71.9675)
[transaction_id] txn_554103119 [user_id] user_4973 [amount] 934.36 [currency] USD [merchant_id] mrc_9989 [merchant_category] fashion [payment_method] debit_card [channel] atm [device_id] dev_4246 [location] Cusco, PE (-13.5319,-71.9675)
[transaction_id] txn_979046761 [user_id] user_1929 [amount] 569.32 [currency] USD [merchant_id] mrc_5399 [merchant_category] food [payment_method] credit_card [channel] atm [device_id] dev_7615 [location] Lima, PE (-12.0464,-77.0428)
[transaction_id] txn_764354203 [user_id] user_2737 [amount] 825.89 [currency] USD [merchant_id] mrc_1997 [merchant_category] food [payment_method] e_wallet [channel] mobile_app [device_id] dev_5658 [location] Lima, PE (-12.0464,-77.0428)
[transaction_id] txn_675093069 [user_id] user_9070 [amount] 378.43 [currency] PEN [merchant_id] mrc_1113 [merchant_category] utilities [payment_method] credit_card [channel] mobile_app [device_id] dev_9106 [location] Lima, PE (-12.0464,-77.0428)
[transaction_id] txn_178238728 [user_id] user_6679 [amount] 884.79 [currency] PEN [merchant_id] mrc_9409 [merchant_category] fashion [payment_method] credit_card [channel] pos [device_id] dev_9432 [location] Lima, PE (-12.0464,-77.0428)
[transaction_id] txn_391092934 [user_id] user_9925 [amount] 665.61 [currency] PEN [merchant_id] mrc_7722 [merchant_category] electronics [payment_method] bank_transfer [channel] mobile_app [device_id] dev_4447 [location] Lima, PE (-12.0464,-77.0428)
[transaction_id] txn_140760787 [user_id] user_1406 [amount] 67.91 [currency] USD [merchant_id] mrc_6277 [merchant_category] fashion [payment_method] debit_card [channel] mobile_app [device_id] dev_1341 [location] Cusco, PE (-13.5319,-71.9675)
[transaction_id] txn_416149301 [user_id] user_6196 [amount] 902.98 [currency] PEN [merchant_id] mrc_5625 [merchant_category] electronics [payment_method] credit_card [channel] web [device_id] dev_1956 [location] Cusco, PE (-13.5319,-71.9675)
[transaction_id] txn_779018631 [user_id] user_9286 [amount] 106.72 [currency] EUR [merchant_id] mrc_4437 [merchant_category] fashion [payment_method] e_wallet [channel] pos [device_id] dev_8010 [location] Lima, PE (-12.0464,-77.0428)
[transaction_id] txn_240483148 [user_id] user_8681 [amount] 167.54 [currency] PEN [merchant_id] mrc_6568 [merchant_category] fashion [payment_method] e_wallet [channel] mobile_app [device_id] dev_7929 [location] Cusco, PE (-13.5319,-71.9675)
[transaction_id] txn_310360771 [user_id] user_9230 [amount] 692.63 [currency] PEN [merchant_id] mrc_5383 [merchant_category] food [payment_method] bank_transfer [channel] pos [device_id] dev_3981 [location] Cusco, PE (-13.5319,-71.9675)
[transaction_id] txn_561202419 [user_id] user_6499 [amount] 890.54 [currency] PEN [merchant_id] mrc_2250 [merchant_category] fashion [payment_method] credit_card [channel] web [device_id] dev_8828 [location] Cusco, PE (-13.5319,-71.9675)
[transaction_id] txn_683129831 [user_id] user_5351 [amount] 449.77 [currency] USD [merchant_id] mrc_8178 [merchant_category] food [payment_method] bank_transfer [channel] mobile_app [device_id] dev_5625 [location] Lima, PE (-12.0464,-77.0428)
[transaction_id] txn_457924992 [user_id] user_9085 [amount] 621.61 [currency] USD [merchant_id] mrc_9272 [merchant_category] electronics [payment_method] debit_card [channel] web [device_id] dev_5658 [location] Lima, PE (-12.0464,-77.0428)
[transaction_id] txn_323844927 [user_id] user_6751 [amount] 52.19 [currency] PEN [merchant_id] mrc_3120 [merchant_category] travel [payment_method] bank_transfer [channel] pos [device_id] dev_8035 [location] Cusco, PE (-13.5319,-71.9675)
[transaction_id] txn_689855052 [user_id] user_3012 [amount] 931.58 [currency] USD [merchant_id] mrc_6648 [merchant_category] food [payment_method] debit_card [channel] atm [device_id] dev_4321 [location] Cusco, PE (-13.5319,-71.9675)
[transaction_id] txn_713079427 [user_id] user_9313 [amount] 482.43 [currency] EUR [merchant_id] mrc_7965 [merchant_category] utilities [payment_method] e_wallet [channel] atm [device_id] dev_8036 [location] Arequipa, PE (-16.409,-71.537)
[transaction_id] txn_182686821 [user_id] user_1887 [amount] 587.71 [currency] PEN [merchant_id] mrc_3880 [merchant_category] fashion [payment_method] bank_transfer [channel] pos [device_id] dev_4603 [location] Cusco, PE (-13.5319,-71.9675)
[transaction_id] txn_879690649 [user_id] user_8565 [amount] 880.97 [currency] USD [merchant_id] mrc_5144 [merchant_category] travel [payment_method] debit_card [channel] atm [device_id] dev_7964 [location] Arequipa, PE (-16.409,-71.537)
[transaction_id] txn_177891492 [user_id] user_7105 [amount] 712.43 [currency] PEN [merchant_id] mrc_6905 [merchant_category] fashion [payment_method] bank_transfer [channel] atm [device_id] dev_8482 [location] Cusco, PE (-13.5319,-71.9675)
[transaction_id] txn_873487518 [user_id] user_2307 [amount] 937.65 [currency] EUR [merchant_id] mrc_7818 [merchant_category] fashion [payment_method] bank_transfer [channel] web [device_id] dev_8764 [location] Cusco, PE (-13.5319,-71.9675)
[transaction_id] txn_746881018 [user_id] user_7230 [amount] 663.3 [currency] USD [merchant_id] mrc_6010 [merchant_category] fashion [payment_method] e_wallet [channel] web [device_id] dev_9144 [location] Lima, PE (-12.0464,-77.0428)
[transaction_id] txn_576291426 [user_id] user_8599 [amount] 509.2 [currency] USD [merchant_id] mrc_1811 [merchant_category] fashion [payment_method] bank_transfer [channel] web [device_id] dev_4440 [location] Lima, PE (-12.0464,-77.0428)
[transaction_id] txn_297211717 [user_id] user_4351 [amount] 590.78 [currency] USD [merchant_id] mrc_6667 [merchant_category] fashion [payment_method] e_wallet [channel] pos [device_id] dev_4833 [location] Arequipa, PE (-16.409,-71.537)
[transaction_id] txn_177102403 [user_id] user_3593 [amount] 329.34 [currency] PEN [merchant_id] mrc_3233 [merchant_category] utilities [payment_method] credit_card [channel] web [device_id] dev_7398 [location] Arequipa, PE (-16.409,-71.537)
[transaction_id] txn_647149649 [user_id] user_7544 [amount] 282.21 [currency] USD [merchant_id] mrc_8284 [merchant_category] fashion [payment_method] debit_card [channel] pos [device_id] dev_6783 [location] Cusco, PE (-13.5319,-71.9675)
[transaction_id] txn_815828257 [user_id] user_3208 [amount] 104.12 [currency] USD [merchant_id] mrc_1820 [merchant_category] electronics [payment_method] e_wallet [channel] web [device_id] dev_1767 [location] Arequipa, PE (-16.409,-71.537)
[transaction_id] txn_935055760 [user_id] user_3913 [amount] 28.28 [currency] EUR [merchant_id] mrc_9377 [merchant_category] electronics [payment_method] debit_card [channel] mobile_app [device_id] dev_8791 [location] Arequipa, PE (-16.409,-71.537)
[transaction_id] txn_954783975 [user_id] user_5068 [amount] 484.67 [currency] EUR [merchant_id] mrc_2134 [merchant_category] utilities [payment_method] credit_card [channel] pos [device_id] dev_8591 [location] Arequipa, PE (-16.409,-71.537)
[transaction_id] txn_825219434 [user_id] user_5875 [amount] 147.9 [currency] PEN [merchant_id] mrc_2762 [merchant_category] utilities [payment_method] credit_card [channel] mobile_app [device_id] dev_3393 [location] Lima, PE (-12.0464,-77.0428)
[transaction_id] txn_894827642 [user_id] user_1220 [amount] 255.73 [currency] EUR [merchant_id] mrc_1114 [merchant_category] food [payment_method] bank_transfer [channel] pos [device_id] dev_3810 [location] Cusco, PE (-13.5319,-71.9675)
[transaction_id] txn_595610421 [user_id] user_2149 [amount] 258.31 [currency] EUR [merchant_id] mrc_8577 [merchant_category] food [payment_method] credit_card [channel] mobile_app [device_id] dev_1673 [location] Lima, PE (-12.0464,-77.0428)
[transaction_id] txn_349217774 [user_id] user_4964 [amount] 313.3 [currency] EUR [merchant_id] mrc_3241 [merchant_category] food [payment_method] bank_transfer [channel] web [device_id] dev_3213 [location] Arequipa, PE (-16.409,-71.537)
[transaction_id] txn_154793925 [user_id] user_9093 [amount] 102.4 [currency] PEN [merchant_id] mrc_5803 [merchant_category] utilities [payment_method] credit_card [channel] atm [device_id] dev_7391 [location] Lima, PE (-12.0464,-77.0428)
[transaction_id] txn_723410692 [user_id] user_2572 [amount] 510.29 [currency] PEN [merchant_id] mrc_3440 [merchant_category] travel [payment_method] e_wallet [channel] web [device_id] dev_4515 [location] Lima, PE (-12.0464,-77.0428)
[transaction_id] txn_330264900 [user_id] user_3397 [amount] 833.39 [currency] PEN [merchant_id] mrc_5840 [merchant_category] utilities [payment_method] debit_card [channel] mobile_app [device_id] dev_4753 [location] Cusco, PE (-13.5319,-71.9675)
[transaction_id] txn_399182586 [user_id] user_5359 [amount] 911.93 [currency] USD [merchant_id] mrc_7025 [merchant_category] food [payment_method] credit_card [channel] mobile_app [device_id] dev_3721 [location] Cusco, PE (-13.5319,-71.9675)
[transaction_id] txn_828040574 [user_id] user_9265 [amount] 850.69 [currency] USD [merchant_id] mrc_8219 [merchant_category] fashion [payment_method] e_wallet [channel] mobile_app [device_id] dev_1324 [location] Arequipa, PE (-16.409,-71.537)
[transaction_id] txn_788519277 [user_id] user_3779 [amount] 846.74 [currency] USD [merchant_id] mrc_7840 [merchant_category] electronics [payment_method] credit_card [channel] mobile_app [device_id] dev_6556 [location] Lima, PE (-12.0464,-77.0428)
[transaction_id] txn_912162285 [user_id] user_9848 [amount] 120.03 [currency] PEN [merchant_id] mrc_5184 [merchant_category] food [payment_method] debit_card [channel] mobile_app [device_id] dev_2986 [location] Lima, PE (-12.0464,-77.0428)
[transaction_id] txn_693435785 [user_id] user_9884 [amount] 593.52 [currency] PEN [merchant_id] mrc_4981 [merchant_category] travel [payment_method] e_wallet [channel] web [device_id] dev_8846 [location] Cusco, PE (-13.5319,-71.9675)
[transaction_id] txn_216079707 [user_id] user_7201 [amount] 375.18 [currency] USD [merchant_id] mrc_7245 [merchant_category] food [payment_method] bank_transfer [channel] pos [device_id] dev_3200 [location] Arequipa, PE (-16.409,-71.537)
[transaction_id] txn_679069016 [user_id] user_1060 [amount] 142.13 [currency] PEN [merchant_id] mrc_8793 [merchant_category] electronics [payment_method] bank_transfer [channel] atm [device_id] dev_1613 [location] Lima, PE (-12.0464,-77.0428)
[transaction_id] txn_642541609 [user_id] user_4540 [amount] 990.86 [currency] EUR [merchant_id] mrc_7077 [merchant_category] fashion [payment_method] bank_transfer [channel] web [device_id] dev_3260 [location] Cusco, PE (-13.5319,-71.9675)
[transaction_id] txn_928647169 [user_id] user_6701 [amount] 693.85 [currency] USD [merchant_id] mrc_4724 [merchant_category] utilities [payment_method] e_wallet [channel] pos [device_id] dev_1235 [location] Arequipa, PE (-16.409,-71.537)
[transaction_id] txn_332362349 [user_id] user_6277 [amount] 12.6 [currency] PEN [merchant_id] mrc_1455 [merchant_category] utilities [payment_method] bank_transfer [channel] pos [device_id] dev_4656 [location] Lima, PE (-12.0464,-77.0428)
[transaction_id] txn_259699631 [user_id] user_3161 [amount] 863.85 [currency] USD [merchant_id] mrc_2603 [merchant_category] utilities [payment_method] credit_card [channel] mobile_app [device_id] dev_1220 [location] Lima, PE (-12.0464,-77.0428)
[transaction_id] txn_245696465 [user_id] user_7065 [amount] 904.76 [currency] PEN [merchant_id] mrc_2498 [merchant_category] utilities [payment_method] bank_transfer [channel] web [device_id] dev_1759 [location] Arequipa, PE (-16.409,-71.537)
[transaction_id] txn_225305541 [user_id] user_8205 [amount] 58.8 [currency] PEN [merchant_id] mrc_1801 [merchant_category] travel [payment_method] credit_card [channel] web [device_id] dev_5916 [location] Lima, PE (-12.0464,-77.0428)
[transaction_id] txn_841653013 [user_id] user_5008 [amount] 788.47 [currency] PEN [merchant_id] mrc_7015 [merchant_category] fashion [payment_method] credit_card [channel] web [device_id] dev_9216 [location] Cusco, PE (-13.5319,-71.9675)
[transaction_id] txn_453503070 [user_id] user_2662 [amount] 799.29 [currency] USD [merchant_id] mrc_9184 [merchant_category] utilities [payment_method] e_wallet [channel] pos [device_id] dev_5416 [location] Cusco, PE (-13.5319,-71.9675)
[transaction_id] txn_802953141 [user_id] user_5681 [amount] 921.54 [currency] PEN [merchant_id] mrc_1760 [merchant_category] travel [payment_method] credit_card [channel] pos [device_id] dev_9348 [location] Lima, PE (-12.0464,-77.0428)
[transaction_id] txn_121862131 [user_id] user_6748 [amount] 829.88 [currency] EUR [merchant_id] mrc_5748 [merchant_category] travel [payment_method] e_wallet [channel] atm [device_id] dev_4957 [location] Lima, PE (-12.0464,-77.0428)
[transaction_id] txn_993492666 [user_id] user_3526 [amount] 606.92 [currency] PEN [merchant_id] mrc_5954 [merchant_category] electronics [payment_method] bank_transfer [channel] mobile_app [device_id] dev_4057 [location] Arequipa, PE (-16.409,-71.537)
[transaction_id] txn_775113557 [user_id] user_8507 [amount] 880.18 [currency] EUR [merchant_id] mrc_3349 [merchant_category] fashion [payment_method] bank_transfer [channel] atm [device_id] dev_1654 [location] Arequipa, PE (-16.409,-71.537)
[transaction_id] txn_652638155 [user_id] user_7099 [amount] 395.25 [currency] USD [merchant_id] mrc_1479 [merchant_category] electronics [payment_method] bank_transfer [channel] mobile_app [device_id] dev_8487 [location] Lima, PE (-12.0464,-77.0428)
[transaction_id] txn_497811325 [user_id] user_6672 [amount] 111.53 [currency] USD [merchant_id] mrc_6172 [merchant_category] fashion [payment_method] e_wallet [channel] pos [device_id] dev_2759 [location] Lima, PE (-12.0464,-77.0428)
[transaction_id] txn_185360359 [user_id] user_5802 [amount] 977.98 [currency] USD [merchant_id] mrc_1127 [merchant_category] electronics [payment_method] credit_card [channel] mobile_app [device_id] dev_3781 [location] Arequipa, PE (-16.409,-71.537)
[transaction_id] txn_972754991 [user_id] user_8386 [amount] 357.15 [currency] USD [merchant_id] mrc_2953 [merchant_category] food [payment_method] e_wallet [channel] pos [device_id] dev_7926 [location] Cusco, PE (-13.5319,-71.9675)
[transaction_id] txn_204431704 [user_id] user_4850 [amount] 318.44 [currency] USD [merchant_id] mrc_5567 [merchant_category] electronics [payment_method] credit_card [channel] atm [device_id] dev_7636 [location] Arequipa, PE (-16.409,-71.537)
[transaction_id] txn_366770313 [user_id] user_1279 [amount] 994.78 [currency] USD [merchant_id] mrc_2698 [merchant_category] fashion [payment_method] bank_transfer [channel] pos [device_id] dev_6312 [location] Cusco, PE (-13.5319,-71.9675)
[transaction_id] txn_483941388 [user_id] user_3804 [amount] 300.25 [currency] EUR [merchant_id] mrc_1995 [merchant_category] fashion [payment_method] credit_card [channel] web [device_id] dev_9214 [location] Arequipa, PE (-16.409,-71.537)
