2025-06-10T04:15:40.154367Z INFO [transaction_id] txn_304008020 [user_id] user_4954 [amount] 74.88 [currency] EUR [merchant_id] mrc_8218 [merchant_category] electronics [payment_method] e_wallet [channel] atm [device_id] dev_5383 [location] Lima, PE (-12.0464,-77.0428)
2025-06-10T04:15:41.155680Z INFO [transaction_id] txn_480372628 [user_id] user_6258 [amount] 512.67 [currency] USD [merchant_id] mrc_2889 [merchant_category] food [payment_method] bank_transfer [channel] atm [device_id] dev_6372 [location] Lima, PE (-12.0464,-77.0428)
2025-06-10T04:15:42.156389Z INFO [transaction_id] txn_840183029 [user_id] user_6440 [amount] 167.55 [currency] USD [merchant_id] mrc_1894 [merchant_category] electronics [payment_method] credit_card [channel] web [device_id] dev_3969 [location] Cusco, PE (-13.5319,-71.9675)
2025-06-10T04:15:43.157763Z INFO [transaction_id] txn_734341253 [user_id] user_3124 [amount] 440.4 [currency] PEN [merchant_id] mrc_7171 [merchant_category] electronics [payment_method] e_wallet [channel] atm [device_id] dev_2691 [location] Arequipa, PE (-16.409,-71.537)
2025-06-10T04:15:44.158552Z INFO [transaction_id] txn_133313265 [user_id] user_8122 [amount] 150.43 [currency] USD [merchant_id] mrc_1286 [merchant_category] food [payment_method] bank_transfer [channel] web [device_id] dev_9089 [location] Cusco, PE (-13.5319,-71.9675)
2025-06-10T04:15:45.159008Z INFO [transaction_id] txn_814428441 [user_id] user_6791 [amount] 336.1 [currency] USD [merchant_id] mrc_3432 [merchant_category] utilities [payment_method] e_wallet [channel] atm [device_id] dev_3682 [location] Arequipa, PE (-16.409,-71.537)
2025-06-10T04:15:46.159908Z INFO [transaction_id] txn_418898369 [user_id] user_8038 [amount] 250.96 [currency] PEN [merchant_id] mrc_4284 [merchant_category] travel [payment_method] debit_card [channel] atm [device_id] dev_7354 [location] Lima, PE (-12.0464,-77.0428)
2025-06-10T04:15:47.160640Z INFO [transaction_id] txn_232641630 [user_id] user_5601 [amount] 970.71 [currency] USD [merchant_id] mrc_8715 [merchant_category] travel [payment_method] credit_card [channel] pos [device_id] dev_3821 [location] Arequipa, PE (-16.409,-71.537)
2025-06-10T04:15:48.161328Z INFO [transaction_id] txn_387615550 [user_id] user_2917 [amount] 565.27 [currency] EUR [merchant_id] mrc_9376 [merchant_category] electronics [payment_method] e_wallet [channel] atm [device_id] dev_7250 [location] Arequipa, PE (-16.409,-71.537)
2025-06-10T04:15:49.161781Z INFO [transaction_id] txn_872859195 [user_id] user_3947 [amount] 951.29 [currency] PEN [merchant_id] mrc_3062 [merchant_category] electronics [payment_method] debit_card [channel] pos [device_id] dev_9680 [location] Cusco, PE (-13.5319,-71.9675)
2025-06-10T04:15:50.162139Z INFO [transaction_id] txn_500089394 [user_id] user_4928 [amount] 811.5 [currency] USD [merchant_id] mrc_2326 [merchant_category] food [payment_method] debit_card [channel] mobile_app [device_id] dev_8454 [location] Arequipa, PE (-16.409,-71.537)
2025-06-10T04:15:51.162753Z INFO [transaction_id] txn_626356147 [user_id] user_4820 [amount] 741.14 [currency] PEN [merchant_id] mrc_2942 [merchant_category] utilities [payment_method] credit_card [channel] web [device_id] dev_6809 [location] Lima, PE (-12.0464,-77.0428)
2025-06-10T04:15:52.163254Z INFO [transaction_id] txn_835650724 [user_id] user_2661 [amount] 507.93 [currency] USD [merchant_id] mrc_6349 [merchant_category] utilities [payment_method] e_wallet [channel] web [device_id] dev_2463 [location] Lima, PE (-12.0464,-77.0428)
2025-06-10T04:15:53.163671Z INFO [transaction_id] txn_171435828 [user_id] user_5750 [amount] 169.49 [currency] USD [merchant_id] mrc_6836 [merchant_category] utilities [payment_method] bank_transfer [channel] web [device_id] dev_3532 [location] Cusco, PE (-13.5319,-71.9675)
2025-06-10T04:15:54.164203Z INFO [transaction_id] txn_930869236 [user_id] user_9991 [amount] 489.85 [currency] USD [merchant_id] mrc_6936 [merchant_category] food [payment_method] debit_card [channel] atm [device_id] dev_5955 [location] Arequipa, PE (-16.409,-71.537)
2025-06-10T04:15:55.164720Z INFO [transaction_id] txn_604001562 [user_id] user_9446 [amount] 639.98 [currency] PEN [merchant_id] mrc_8054 [merchant_category] utilities [payment_method] debit_card [channel] mobile_app [device_id] dev_1808 [location] Lima, PE (-12.0464,-77.0428)
2025-06-10T04:15:56.165227Z INFO [transaction_id] txn_200977178 [user_id] user_2506 [amount] 994.41 [currency] USD [merchant_id] mrc_4348 [merchant_category] electronics [payment_method] credit_card [channel] pos [device_id] dev_4502 [location] Arequipa, PE (-16.409,-71.537)
2025-06-10T04:15:57.165975Z INFO [transaction_id] txn_428713317 [user_id] user_2332 [amount] 543.76 [currency] USD [merchant_id] mrc_4270 [merchant_category] utilities [payment_method] debit_card [channel] web [device_id] dev_3119 [location] Cusco, PE (-13.5319,-71.9675)
2025-06-10T04:15:58.166531Z INFO [transaction_id] txn_285349199 [user_id] user_2221 [amount] 475.07 [currency] PEN [merchant_id] mrc_7179 [merchant_category] travel [payment_method] debit_card [channel] pos [device_id] dev_2044 [location] Lima, PE (-12.0464,-77.0428)
2025-06-10T04:15:59.166781Z INFO [transaction_id] txn_793248031 [user_id] user_1625 [amount] 730.53 [currency] USD [merchant_id] mrc_9562 [merchant_category] electronics [payment_method] credit_card [channel] mobile_app [device_id] dev_6185 [location] Cusco, PE (-13.5319,-71.9675)
2025-06-10T04:16:00.167449Z INFO [transaction_id] txn_235201174 [user_id] user_7566 [amount] 814.06 [currency] USD [merchant_id] mrc_7575 [merchant_category] electronics [payment_method] e_wallet [channel] atm [device_id] dev_3466 [location] Cusco, PE (-13.5319,-71.9675)
2025-06-10T04:16:01.167732Z INFO [transaction_id] txn_366622012 [user_id] user_4937 [amount] 509.0 [currency] USD [merchant_id] mrc_2519 [merchant_category] utilities [payment_method] debit_card [channel] pos [device_id] dev_9513 [location] Lima, PE (-12.0464,-77.0428)
2025-06-10T04:16:02.168283Z INFO [transaction_id] txn_572354199 [user_id] user_6591 [amount] 288.68 [currency] USD [merchant_id] mrc_9142 [merchant_category] utilities [payment_method] credit_card [channel] atm [device_id] dev_7437 [location] Arequipa, PE (-16.409,-71.537)
2025-06-10T04:16:03.169077Z INFO [transaction_id] txn_736088147 [user_id] user_2461 [amount] 746.75 [currency] PEN [merchant_id] mrc_9752 [merchant_category] food [payment_method] e_wallet [channel] pos [device_id] dev_8184 [location] Arequipa, PE (-16.409,-71.537)
2025-06-10T04:16:04.169631Z INFO [transaction_id] txn_100506843 [user_id] user_6313 [amount] 893.15 [currency] PEN [merchant_id] mrc_4806 [merchant_category] travel [payment_method] debit_card [channel] pos [device_id] dev_9543 [location] Lima, PE (-12.0464,-77.0428)
2025-06-10T04:16:05.169982Z INFO [transaction_id] txn_428099072 [user_id] user_1837 [amount] 452.3 [currency] EUR [merchant_id] mrc_6114 [merchant_category] fashion [payment_method] bank_transfer [channel] web [device_id] dev_8696 [location] Cusco, PE (-13.5319,-71.9675)
2025-06-10T04:16:06.170854Z INFO [transaction_id] txn_674762392 [user_id] user_5080 [amount] 998.92 [currency] PEN [merchant_id] mrc_8950 [merchant_category] food [payment_method] credit_card [channel] pos [device_id] dev_6854 [location] Cusco, PE (-13.5319,-71.9675)
2025-06-10T04:16:07.171407Z INFO [transaction_id] txn_616025285 [user_id] user_8780 [amount] 71.71 [currency] PEN [merchant_id] mrc_2758 [merchant_category] fashion [payment_method] debit_card [channel] web [device_id] dev_2803 [location] Cusco, PE (-13.5319,-71.9675)
2025-06-10T04:16:08.171860Z INFO [transaction_id] txn_150442781 [user_id] user_2780 [amount] 659.18 [currency] USD [merchant_id] mrc_7421 [merchant_category] food [payment_method] e_wallet [channel] mobile_app [device_id] dev_9385 [location] Cusco, PE (-13.5319,-71.9675)
2025-06-10T04:16:09.172348Z INFO [transaction_id] txn_468499641 [user_id] user_6042 [amount] 126.64 [currency] USD [merchant_id] mrc_2290 [merchant_category] food [payment_method] credit_card [channel] mobile_app [device_id] dev_3180 [location] Cusco, PE (-13.5319,-71.9675)
2025-06-10T04:16:10.172722Z INFO [transaction_id] txn_822775096 [user_id] user_7330 [amount] 541.62 [currency] EUR [merchant_id] mrc_1437 [merchant_category] food [payment_method] bank_transfer [channel] web [device_id] dev_4072 [location] Cusco, PE (-13.5319,-71.9675)
2025-06-10T04:16:11.173318Z INFO [transaction_id] txn_145550131 [user_id] user_1490 [amount] 748.65 [currency] EUR [merchant_id] mrc_1805 [merchant_category] utilities [payment_method] credit_card [channel] web [device_id] dev_1463 [location] Lima, PE (-12.0464,-77.0428)
